  ImGuiManager.cpp
  Sprite.cpp
  BaseObject3d.cpp
  DebugCamera.cpp
  Light.cpp
  Mesh.cpp
  Model.cpp
  ModelManager.cpp
  Object3d.cpp
  Object3dParticle.cpp
  ObjectColor.cpp
  ViewProjection.cpp
  WorldTransform.cpp
  Audio.cpp
  DirectXCommon.cpp
  Keta.cpp
  C:\Program Files (x86)\Windows Kits\10\Include\10.0.22621.0\um\dinput.h: DIRECTINPUT_VERSION undefined. Defaulting to version 0x0800
  Material.cpp
  Object3DCommon.cpp
  SpriteCommon.cpp
  SpriteMaterial.cpp
  TextureManager.cpp
  WinApp.cpp
  Convert.cpp
  Input.cpp
  Mouse.cpp
  GameCamera.cpp
  Enemy.cpp
  C:\Program Files (x86)\Windows Kits\10\Include\10.0.22621.0\um\dinput.h: DIRECTINPUT_VERSION undefined. Defaulting to version 0x0800
  EnemyManager.cpp
  C:\Program Files (x86)\Windows Kits\10\Include\10.0.22621.0\um\dinput.h: DIRECTINPUT_VERSION undefined. Defaulting to version 0x0800
  GlobalParameter.cpp
  Player.cpp
  PlayerBullet.cpp
  Rail.cpp
  RailManager.cpp
  Reticle.cpp
  GameScene.cpp
  C:\Program Files (x86)\Windows Kits\10\Include\10.0.22621.0\um\dinput.h: DIRECTINPUT_VERSION undefined. Defaulting to version 0x0800
  main.cpp
  AABB.cpp
  MathFunction.cpp
  Matrix3x3.cpp
  Matrix4x4.cpp
  Quaternion.cpp
  random.cpp
  Vector3.cpp
  Vector4.cpp
  C:\Program Files (x86)\Windows Kits\10\Include\10.0.22621.0\um\dinput.h: DIRECTINPUT_VERSION undefined. Defaulting to version 0x0800
  C:\Program Files (x86)\Windows Kits\10\Include\10.0.22621.0\um\dinput.h: DIRECTINPUT_VERSION undefined. Defaulting to version 0x0800
  C:\Program Files (x86)\Windows Kits\10\Include\10.0.22621.0\um\dinput.h: DIRECTINPUT_VERSION undefined. Defaulting to version 0x0800
  C:\Program Files (x86)\Windows Kits\10\Include\10.0.22621.0\um\dinput.h: DIRECTINPUT_VERSION undefined. Defaulting to version 0x0800
  コード生成しています。
  4319 of 5966 functions (72.4%) were compiled, the rest were copied from previous compilation.
    3344 functions were new in current compilation
    273 functions had inline decision re-evaluated but remain unchanged
  コード生成が終了しました。
  DirectXGame.vcxproj -> C:\Users\k023g\Desktop\DirectXGame\x64\Release\DirectXGame.exe
          1 個のファイルをコピーしました。
          1 個のファイルをコピーしました。
